<?xml version="1.0" encoding="UTF-8"?>
<!-- Generated by org.testng.reporters.JUnitXMLReporter -->
<testsuite ignored="0" hostname="MBTLT25" failures="1" tests="1" name="Test1" time="2.551" errors="0" timestamp="2023-08-09T16:05:07 IST">
  <testcase classname="com.testng.sampleTest2" name="Test1" time="1.903">
    <failure type="java.lang.AssertionError">
      <![CDATA[java.lang.AssertionError: 
at com.testng.sampleTest2.Test1(sampleTest2.java:25)
at java.base/java.util.ArrayList.forEach(ArrayList.java:1541)
... Removed 34 stack frames]]>
    </failure>
  </testcase> <!-- Test1 -->
</testsuite> <!-- Test1 -->
